Unable to parse files
In project: examples/nortos/MSP_EXP432E401Y/demos/power_measurement/iar/power_measurement_MSP_EXP432E401Y_nortos_iar.ipcf

Unable to parse files
In project: examples/nortos/MSP_EXP432E401Y/demos/trigger_mode/iar/trigger_mode_MSP_EXP432E401Y_nortos_iar.ipcf

Unable to parse files
In project: examples/nortos/MSP_EXP432P401R/demos/msp432p401_bootloader/iar/msp432p401_bootloader_MSP_EXP432P401R_nortos_iar.ipcf

Unable to parse files
In project: examples/nortos/MSP_EXP432P401R/demos/power_measurement/iar/power_measurement_MSP_EXP432P401R_nortos_iar.ipcf

Unable to parse files
In project: examples/nortos/MSP_EXP432P401R/demos/trigger_mode/iar/trigger_mode_MSP_EXP432P401R_nortos_iar.ipcf

Unable to parse files
In project: examples/nortos/MSP_EXP432P4111/demos/msp432p4111_bootloader/iar/msp432p4111_bootloader_MSP_EXP432P4111_nortos_iar.ipcf

Unable to parse files
In project: examples/nortos/MSP_EXP432P4111/demos/power_measurement/iar/power_measurement_MSP_EXP432P4111_nortos_iar.ipcf

Unable to parse files
In project: examples/nortos/MSP_EXP432P4111/demos/trigger_mode/iar/trigger_mode_MSP_EXP432P4111_nortos_iar.ipcf

Unable to parse files
In project: examples/rtos/CC26X2R1_LAUNCHXL/demos/network_terminal/tirtos/iar/network_terminal_CC26X2R1_LAUNCHXL_tirtos_iar.ipcf

Unable to parse files
In project: examples/rtos/CC26X2R1_LAUNCHXL/demos/provisioning/tirtos/iar/provisioning_CC26X2R1_LAUNCHXL_tirtos_iar.ipcf

Unable to parse files
In project: examples/rtos/MSP_EXP432E401Y/demos/mqtt_client/freertos/iar/mqtt_client_MSP_EXP432E401Y_freertos_iar.ipcf

Unable to parse files
In project: examples/rtos/MSP_EXP432E401Y/demos/mqtt_client/tirtos/iar/mqtt_client_MSP_EXP432E401Y_tirtos_iar.ipcf

Unable to parse files
In project: examples/rtos/MSP_EXP432E401Y/demos/mqtt_client_server/freertos/iar/mqtt_client_server_MSP_EXP432E401Y_freertos_iar.ipcf

Unable to parse files
In project: examples/rtos/MSP_EXP432E401Y/demos/mqtt_client_server/tirtos/iar/mqtt_client_server_MSP_EXP432E401Y_tirtos_iar.ipcf

Unable to parse files
In project: examples/rtos/MSP_EXP432E401Y/demos/network_terminal/freertos/iar/network_terminal_MSP_EXP432E401Y_freertos_iar.ipcf

Unable to parse files
In project: examples/rtos/MSP_EXP432E401Y/demos/network_terminal/tirtos/iar/network_terminal_MSP_EXP432E401Y_tirtos_iar.ipcf

Unable to parse files
In project: examples/rtos/MSP_EXP432E401Y/demos/power_measurement/freertos/iar/power_measurement_MSP_EXP432E401Y_freertos_iar.ipcf

Unable to parse files
In project: examples/rtos/MSP_EXP432E401Y/demos/power_measurement/tirtos/iar/power_measurement_MSP_EXP432E401Y_tirtos_iar.ipcf

Unable to parse files
In project: examples/rtos/MSP_EXP432E401Y/demos/provisioning/freertos/iar/provisioning_MSP_EXP432E401Y_freertos_iar.ipcf

Unable to parse files
In project: examples/rtos/MSP_EXP432E401Y/demos/provisioning/tirtos/iar/provisioning_MSP_EXP432E401Y_tirtos_iar.ipcf

Unable to parse files
In project: examples/rtos/MSP_EXP432P401R/demos/cloud_ota/freertos/iar/cloud_ota_MSP_EXP432P401R_freertos_iar.ipcf

Unable to parse files
In project: examples/rtos/MSP_EXP432P401R/demos/cloud_ota/tirtos/iar/cloud_ota_MSP_EXP432P401R_tirtos_iar.ipcf

Unable to parse files
In project: examples/rtos/MSP_EXP432P401R/demos/local_ota/freertos/iar/local_ota_MSP_EXP432P401R_freertos_iar.ipcf

Unable to parse files
In project: examples/rtos/MSP_EXP432P401R/demos/local_ota/tirtos/iar/local_ota_MSP_EXP432P401R_tirtos_iar.ipcf

Unable to parse files
In project: examples/rtos/MSP_EXP432P401R/demos/mqtt_client/freertos/iar/mqtt_client_MSP_EXP432P401R_freertos_iar.ipcf

Unable to parse files
In project: examples/rtos/MSP_EXP432P401R/demos/mqtt_client/tirtos/iar/mqtt_client_MSP_EXP432P401R_tirtos_iar.ipcf

Unable to parse files
In project: examples/rtos/MSP_EXP432P401R/demos/mqtt_client_server/freertos/iar/mqtt_client_server_MSP_EXP432P401R_freertos_iar.ipcf

Unable to parse files
In project: examples/rtos/MSP_EXP432P401R/demos/mqtt_client_server/tirtos/iar/mqtt_client_server_MSP_EXP432P401R_tirtos_iar.ipcf

Unable to parse files
In project: examples/rtos/MSP_EXP432P401R/demos/network_terminal/freertos/iar/network_terminal_MSP_EXP432P401R_freertos_iar.ipcf

Unable to parse files
In project: examples/rtos/MSP_EXP432P401R/demos/network_terminal/tirtos/iar/network_terminal_MSP_EXP432P401R_tirtos_iar.ipcf

Unable to parse files
In project: examples/rtos/MSP_EXP432P401R/demos/power_measurement/freertos/iar/power_measurement_MSP_EXP432P401R_freertos_iar.ipcf

Unable to parse files
In project: examples/rtos/MSP_EXP432P401R/demos/power_measurement/tirtos/iar/power_measurement_MSP_EXP432P401R_tirtos_iar.ipcf

Unable to parse files
In project: examples/rtos/MSP_EXP432P401R/demos/provisioning/freertos/iar/provisioning_MSP_EXP432P401R_freertos_iar.ipcf

Unable to parse files
In project: examples/rtos/MSP_EXP432P401R/demos/provisioning/tirtos/iar/provisioning_MSP_EXP432P401R_tirtos_iar.ipcf

Unable to parse files
In project: examples/rtos/MSP_EXP432P4111/demos/cloud_ota/freertos/iar/cloud_ota_MSP_EXP432P4111_freertos_iar.ipcf

Unable to parse files
In project: examples/rtos/MSP_EXP432P4111/demos/cloud_ota/tirtos/iar/cloud_ota_MSP_EXP432P4111_tirtos_iar.ipcf

Unable to parse files
In project: examples/rtos/MSP_EXP432P4111/demos/local_ota/freertos/iar/local_ota_MSP_EXP432P4111_freertos_iar.ipcf

Unable to parse files
In project: examples/rtos/MSP_EXP432P4111/demos/local_ota/tirtos/iar/local_ota_MSP_EXP432P4111_tirtos_iar.ipcf

Unable to parse files
In project: examples/rtos/MSP_EXP432P4111/demos/mqtt_client/freertos/iar/mqtt_client_MSP_EXP432P4111_freertos_iar.ipcf

Unable to parse files
In project: examples/rtos/MSP_EXP432P4111/demos/mqtt_client/tirtos/iar/mqtt_client_MSP_EXP432P4111_tirtos_iar.ipcf

Unable to parse files
In project: examples/rtos/MSP_EXP432P4111/demos/mqtt_client_server/freertos/iar/mqtt_client_server_MSP_EXP432P4111_freertos_iar.ipcf

Unable to parse files
In project: examples/rtos/MSP_EXP432P4111/demos/mqtt_client_server/tirtos/iar/mqtt_client_server_MSP_EXP432P4111_tirtos_iar.ipcf

Unable to parse files
In project: examples/rtos/MSP_EXP432P4111/demos/network_terminal/freertos/iar/network_terminal_MSP_EXP432P4111_freertos_iar.ipcf

Unable to parse files
In project: examples/rtos/MSP_EXP432P4111/demos/network_terminal/tirtos/iar/network_terminal_MSP_EXP432P4111_tirtos_iar.ipcf

Unable to parse files
In project: examples/rtos/MSP_EXP432P4111/demos/power_measurement/freertos/iar/power_measurement_MSP_EXP432P4111_freertos_iar.ipcf

Unable to parse files
In project: examples/rtos/MSP_EXP432P4111/demos/power_measurement/tirtos/iar/power_measurement_MSP_EXP432P4111_tirtos_iar.ipcf

Unable to parse files
In project: examples/rtos/MSP_EXP432P4111/demos/provisioning/freertos/iar/provisioning_MSP_EXP432P4111_freertos_iar.ipcf

Unable to parse files
In project: examples/rtos/MSP_EXP432P4111/demos/provisioning/tirtos/iar/provisioning_MSP_EXP432P4111_tirtos_iar.ipcf

File not found: ../../source/socket.c
In project: source/ti/drivers/net/wifi/ccs/nortos/simplelink_nortos.projectspec

File not found: ../../source/netdb.c
In project: source/ti/drivers/net/wifi/ccs/nortos/simplelink_nortos.projectspec

File not found: ../../source/socket.c
In project: source/ti/drivers/net/wifi/ccs/rtos/simplelink_rtos.projectspec

File not found: ../../source/netdb.c
In project: source/ti/drivers/net/wifi/ccs/rtos/simplelink_rtos.projectspec

